<?xml version="1.0" encoding="UTF-8"?>
<!-- Generated by org.testng.reporters.JUnitReportReporter -->
<testsuite hostname="LAPTOP-7G5AQUFD" failures="0" tests="2" name="com.qa.saucedemo.testcases.TC_3" time="4.488" errors="0" timestamp="2024-08-14T14:40:19 IST" skipped="0">
  <testcase classname="com.qa.saucedemo.testcases.TC_3" name="productDetailPage" time="2.342"/>
  <system-out/>
  <testcase classname="com.qa.saucedemo.testcases.TC_3" name="validateDetailPage" time="2.146"/>
  <system-out/>
</testsuite> <!-- com.qa.saucedemo.testcases.TC_3 -->
