<?xml version="1.0" encoding="UTF-8"?>
<!-- Generated by org.testng.reporters.JUnitReportReporter -->
<testsuite hostname="LAPTOP-7G5AQUFD" failures="0" tests="4" name="com.qa.saucedemo.testcases.LoginTestCase" time="0.802" errors="0" timestamp="2024-08-14T12:57:39 IST" skipped="0">
  <testcase classname="com.qa.saucedemo.testcases.LoginTestCase" name="loginPageTitle" time="0.013"/>
  <system-out/>
  <testcase classname="com.qa.saucedemo.testcases.LoginTestCase" name="logoImageTest" time="0.028"/>
  <system-out/>
  <testcase classname="com.qa.saucedemo.testcases.LoginTestCase" name="loginTest" time="0.485"/>
  <system-out/>
  <testcase classname="com.qa.saucedemo.testcases.LoginTestCase" name="Screenshot" time="0.276"/>
  <system-out/>
</testsuite> <!-- com.qa.saucedemo.testcases.LoginTestCase -->
