<?xml version="1.0" encoding="UTF-8"?>
<!-- Generated by org.testng.reporters.JUnitReportReporter -->
<testsuite hostname="LAPTOP-7G5AQUFD" failures="0" tests="1" name="com.qa.saucedemo.testcases.TC_4" time="4.570" errors="0" timestamp="2024-08-14T14:37:54 IST" skipped="0">
  <testcase classname="com.qa.saucedemo.testcases.TC_4" name="productDetailPage" time="4.570"/>
  <system-out/>
</testsuite> <!-- com.qa.saucedemo.testcases.TC_4 -->
