<?xml version="1.0" encoding="UTF-8"?>
<!-- Generated by org.testng.reporters.JUnitReportReporter -->
<testsuite hostname="LAPTOP-7G5AQUFD" failures="0" tests="2" name="com.qa.saucedemo.testcases.TC_2" time="2.269" errors="0" timestamp="2024-08-14T13:06:28 IST" skipped="0">
  <testcase classname="com.qa.saucedemo.testcases.TC_2" name="productDetailPage" time="2.239"/>
  <system-out/>
  <testcase classname="com.qa.saucedemo.testcases.TC_2" name="validateDetailPage" time="0.030"/>
  <system-out/>
</testsuite> <!-- com.qa.saucedemo.testcases.TC_2 -->
