<?xml version="1.0" encoding="UTF-8"?>
<!-- Generated by org.testng.reporters.JUnitReportReporter -->
<testsuite hostname="LAPTOP-7G5AQUFD" failures="0" tests="1" name="com.qa.saucedemo.testcases.TC_5" time="4.285" errors="0" timestamp="2024-08-14T14:39:37 IST" skipped="0">
  <testcase classname="com.qa.saucedemo.testcases.TC_5" name="productDetailPage" time="4.285"/>
  <system-out/>
</testsuite> <!-- com.qa.saucedemo.testcases.TC_5 -->
